2025-09-04 18:01:53,770 - INFO - Created directories: product_images
2025-09-04 18:01:53,770 - INFO - Attempting connection to local database...
2025-09-04 18:01:53,816 - INFO - Fetching products from database...
2025-09-04 18:01:53,817 - INFO - Fetched 5 products from database
2025-09-04 18:01:53,817 - INFO - Starting image download for 5 products...
2025-09-04 18:01:53,817 - INFO - Progress: 1/5
2025-09-04 18:01:53,818 - INFO - Processing product: TEKNIKA AVOCADO OIL KIT (ID: 1)
2025-09-04 18:01:53,818 - INFO - Searching 'TEKNIKA AVOCADO OIL KIT' on jumia_ci
2025-09-04 18:01:57,054 - INFO - Searching 'TEKNIKA AVOCADO OIL KIT' on cdiscount_ci
2025-09-04 18:01:59,355 - INFO - Searching 'TEKNIKA AVOCADO OIL KIT' on jumia_ghana
2025-09-04 18:02:00,684 - WARNING - Request error for TEKNIKA AVOCADO OIL KIT on jumia_ghana: 403 Client Error: Forbidden for url: https://www.jumia.com.gh/catalog/?q=TEKNIKA+AVOCADO+OIL+KIT
2025-09-04 18:02:01,189 - INFO - Searching 'TEKNIKA AVOCADO OIL KIT' on jumia_nigeria
2025-09-04 18:02:03,648 - INFO - Searching 'TEKNIKA AVOCADO OIL KIT' on jumia_kenya
2025-09-04 18:02:06,102 - INFO - Searching 'TEKNIKA AVOCADO OIL KIT' on jumia_egypt
2025-09-04 18:02:07,655 - WARNING - Request error for TEKNIKA AVOCADO OIL KIT on jumia_egypt: 403 Client Error: Forbidden for url: https://www.jumia.com.eg/catalog/?q=TEKNIKA+AVOCADO+OIL+KIT
2025-09-04 18:02:08,159 - INFO - Searching 'TEKNIKA AVOCADO OIL KIT' on google_shopping
2025-09-04 18:02:13,839 - INFO - Searching '6182000112243' on jumia_ci
2025-09-04 18:02:16,574 - INFO - Searching '6182000112243' on cdiscount_ci
2025-09-04 18:02:18,313 - INFO - Searching '6182000112243' on jumia_ghana
2025-09-04 18:02:20,507 - WARNING - Request error for 6182000112243 on jumia_ghana: 403 Client Error: Forbidden for url: https://www.jumia.com.gh/catalog/?q=6182000112243
2025-09-04 18:02:21,008 - INFO - Searching '6182000112243' on jumia_nigeria
2025-09-04 18:02:23,116 - INFO - Searching '6182000112243' on jumia_kenya
2025-09-04 18:02:25,101 - INFO - Searching '6182000112243' on jumia_egypt
2025-09-04 18:02:26,410 - WARNING - Request error for 6182000112243 on jumia_egypt: 403 Client Error: Forbidden for url: https://www.jumia.com.eg/catalog/?q=6182000112243
2025-09-04 18:02:26,911 - INFO - Searching '6182000112243' on google_shopping
2025-09-04 18:02:32,452 - INFO - Searching 'TEKNIKA AVOCADO' on jumia_ci
2025-09-04 18:02:34,490 - INFO - Searching 'TEKNIKA AVOCADO' on cdiscount_ci
2025-09-04 18:02:36,230 - INFO - Searching 'TEKNIKA AVOCADO' on jumia_ghana
2025-09-04 18:02:37,473 - WARNING - Request error for TEKNIKA AVOCADO on jumia_ghana: 403 Client Error: Forbidden for url: https://www.jumia.com.gh/catalog/?q=TEKNIKA+AVOCADO
2025-09-04 18:02:37,976 - INFO - Searching 'TEKNIKA AVOCADO' on jumia_nigeria
2025-09-04 18:02:40,026 - INFO - Searching 'TEKNIKA AVOCADO' on jumia_kenya
2025-09-04 18:02:42,312 - INFO - Searching 'TEKNIKA AVOCADO' on jumia_egypt
2025-09-04 18:02:44,974 - WARNING - Request error for TEKNIKA AVOCADO on jumia_egypt: 403 Client Error: Forbidden for url: https://www.jumia.com.eg/catalog/?q=TEKNIKA+AVOCADO
2025-09-04 18:02:45,475 - INFO - Searching 'TEKNIKA AVOCADO' on google_shopping
2025-09-04 18:02:48,661 - INFO - Searching 'TEKNIKA' on jumia_ci
2025-09-04 18:02:50,703 - INFO - Searching 'TEKNIKA' on cdiscount_ci
2025-09-04 18:02:54,347 - INFO - Searching 'TEKNIKA' on jumia_ghana
2025-09-04 18:02:55,675 - WARNING - Request error for TEKNIKA on jumia_ghana: 403 Client Error: Forbidden for url: https://www.jumia.com.gh/catalog/?q=TEKNIKA
2025-09-04 18:02:56,177 - INFO - Searching 'TEKNIKA' on jumia_nigeria
2025-09-04 18:02:58,224 - INFO - Searching 'TEKNIKA' on jumia_kenya
2025-09-04 18:03:00,486 - INFO - Searching 'TEKNIKA' on jumia_egypt
2025-09-04 18:03:01,987 - WARNING - Request error for TEKNIKA on jumia_egypt: 403 Client Error: Forbidden for url: https://www.jumia.com.eg/catalog/?q=TEKNIKA
2025-09-04 18:03:02,488 - INFO - Searching 'TEKNIKA' on google_shopping
2025-09-04 18:03:05,616 - INFO - Searching 'AVOCADO' on jumia_ci
2025-09-04 18:03:08,038 - INFO - Searching 'AVOCADO' on cdiscount_ci
2025-09-04 18:03:09,801 - INFO - Searching 'AVOCADO' on jumia_ghana
2025-09-04 18:03:11,355 - WARNING - Request error for AVOCADO on jumia_ghana: 403 Client Error: Forbidden for url: https://www.jumia.com.gh/catalog/?q=AVOCADO
2025-09-04 18:03:11,859 - INFO - Searching 'AVOCADO' on jumia_nigeria
2025-09-04 18:03:17,151 - INFO - Searching 'AVOCADO' on jumia_kenya
2025-09-04 18:03:20,126 - INFO - Searching 'AVOCADO' on jumia_egypt
2025-09-04 18:03:23,086 - WARNING - Request error for AVOCADO on jumia_egypt: 403 Client Error: Forbidden for url: https://www.jumia.com.eg/catalog/?q=AVOCADO
2025-09-04 18:03:23,587 - INFO - Searching 'AVOCADO' on google_shopping
2025-09-04 18:03:27,259 - INFO - Searching 'OIL' on jumia_ci
2025-09-04 18:03:29,970 - INFO - Searching 'OIL' on cdiscount_ci
2025-09-04 18:03:31,906 - INFO - Searching 'OIL' on jumia_ghana
2025-09-04 18:03:33,259 - WARNING - Request error for OIL on jumia_ghana: 403 Client Error: Forbidden for url: https://www.jumia.com.gh/catalog/?q=OIL
2025-09-04 18:03:33,762 - INFO - Searching 'OIL' on jumia_nigeria
2025-09-04 18:03:37,170 - INFO - Searching 'OIL' on jumia_kenya
2025-09-04 18:03:39,836 - INFO - Searching 'OIL' on jumia_egypt
2025-09-04 18:03:41,815 - WARNING - Request error for OIL on jumia_egypt: 403 Client Error: Forbidden for url: https://www.jumia.com.eg/catalog/?q=OIL
2025-09-04 18:03:42,316 - INFO - Searching 'OIL' on google_shopping
2025-09-04 18:03:48,770 - WARNING - No image found for product: TEKNIKA AVOCADO OIL KIT
2025-09-04 18:03:49,771 - INFO - Progress: 2/5
2025-09-04 18:03:49,773 - INFO - Processing product: DEFRISANT ABC RELAXER CREAM 150ML (ID: 2)
2025-09-04 18:03:49,773 - INFO - Searching 'DEFRISANT ABC RELAXER CREAM 150ML' on jumia_ci
2025-09-04 18:03:52,390 - INFO - Searching 'DEFRISANT ABC RELAXER CREAM 150ML' on cdiscount_ci
2025-09-04 18:03:54,176 - INFO - Searching 'DEFRISANT ABC RELAXER CREAM 150ML' on jumia_ghana
2025-09-04 18:03:56,093 - WARNING - Request error for DEFRISANT ABC RELAXER CREAM 150ML on jumia_ghana: 403 Client Error: Forbidden for url: https://www.jumia.com.gh/catalog/?q=DEFRISANT+ABC+RELAXER+CREAM+150ML
2025-09-04 18:03:56,595 - INFO - Searching 'DEFRISANT ABC RELAXER CREAM 150ML' on jumia_nigeria
2025-09-04 18:03:58,670 - INFO - Searching 'DEFRISANT ABC RELAXER CREAM 150ML' on jumia_kenya
2025-09-04 18:04:00,822 - INFO - Searching 'DEFRISANT ABC RELAXER CREAM 150ML' on jumia_egypt
2025-09-04 18:04:02,515 - WARNING - Request error for DEFRISANT ABC RELAXER CREAM 150ML on jumia_egypt: 403 Client Error: Forbidden for url: https://www.jumia.com.eg/catalog/?q=DEFRISANT+ABC+RELAXER+CREAM+150ML
2025-09-04 18:04:03,018 - INFO - Searching 'DEFRISANT ABC RELAXER CREAM 150ML' on google_shopping
2025-09-04 18:04:06,220 - INFO - Searching '6182000101506' on jumia_ci
2025-09-04 18:04:08,945 - INFO - Searching '6182000101506' on cdiscount_ci
2025-09-04 18:04:10,749 - INFO - Searching '6182000101506' on jumia_ghana
2025-09-04 18:04:12,159 - WARNING - Request error for 6182000101506 on jumia_ghana: 403 Client Error: Forbidden for url: https://www.jumia.com.gh/catalog/?q=6182000101506
2025-09-04 18:04:12,663 - INFO - Searching '6182000101506' on jumia_nigeria
2025-09-04 18:04:14,849 - INFO - Searching '6182000101506' on jumia_kenya
2025-09-04 18:04:18,495 - INFO - Searching '6182000101506' on jumia_egypt
2025-09-04 18:04:19,822 - WARNING - Request error for 6182000101506 on jumia_egypt: 403 Client Error: Forbidden for url: https://www.jumia.com.eg/catalog/?q=6182000101506
2025-09-04 18:04:20,325 - INFO - Searching '6182000101506' on google_shopping
2025-09-04 18:04:25,331 - INFO - Searching 'DEFRISANT ABC' on jumia_ci
2025-09-04 18:04:27,438 - INFO - Searching 'DEFRISANT ABC' on cdiscount_ci
2025-09-04 18:04:29,245 - INFO - Searching 'DEFRISANT ABC' on jumia_ghana
2025-09-04 18:04:31,692 - WARNING - Request error for DEFRISANT ABC on jumia_ghana: 403 Client Error: Forbidden for url: https://www.jumia.com.gh/catalog/?q=DEFRISANT+ABC
2025-09-04 18:04:32,199 - INFO - Searching 'DEFRISANT ABC' on jumia_nigeria
2025-09-04 18:04:34,441 - INFO - Searching 'DEFRISANT ABC' on jumia_kenya
2025-09-04 18:04:36,919 - INFO - Searching 'DEFRISANT ABC' on jumia_egypt
2025-09-04 18:04:41,263 - WARNING - Request error for DEFRISANT ABC on jumia_egypt: 403 Client Error: Forbidden for url: https://www.jumia.com.eg/catalog/?q=DEFRISANT+ABC
2025-09-04 18:04:41,765 - INFO - Searching 'DEFRISANT ABC' on google_shopping
2025-09-04 18:04:44,907 - INFO - Searching 'DEFRISANT' on jumia_ci
2025-09-04 18:04:47,600 - INFO - Searching 'DEFRISANT' on cdiscount_ci
2025-09-04 18:04:49,390 - INFO - Searching 'DEFRISANT' on jumia_ghana
2025-09-04 18:04:50,765 - WARNING - Request error for DEFRISANT on jumia_ghana: 403 Client Error: Forbidden for url: https://www.jumia.com.gh/catalog/?q=DEFRISANT
2025-09-04 18:04:51,268 - INFO - Searching 'DEFRISANT' on jumia_nigeria
2025-09-04 18:04:55,051 - INFO - Searching 'DEFRISANT' on jumia_kenya
2025-09-04 18:04:58,722 - INFO - Searching 'DEFRISANT' on jumia_egypt
2025-09-04 18:05:00,072 - WARNING - Request error for DEFRISANT on jumia_egypt: 403 Client Error: Forbidden for url: https://www.jumia.com.eg/catalog/?q=DEFRISANT
2025-09-04 18:05:00,576 - INFO - Searching 'DEFRISANT' on google_shopping
2025-09-04 18:05:03,708 - INFO - Searching 'ABC' on jumia_ci
2025-09-04 18:05:08,157 - INFO - Searching 'ABC' on cdiscount_ci
2025-09-04 18:05:09,976 - INFO - Searching 'ABC' on jumia_ghana
2025-09-04 18:05:11,284 - WARNING - Request error for ABC on jumia_ghana: 403 Client Error: Forbidden for url: https://www.jumia.com.gh/catalog/?q=ABC
2025-09-04 18:05:11,787 - INFO - Searching 'ABC' on jumia_nigeria
2025-09-04 18:05:14,692 - INFO - Searching 'ABC' on jumia_kenya
2025-09-04 18:05:17,404 - INFO - Searching 'ABC' on jumia_egypt
2025-09-04 18:05:18,870 - WARNING - Request error for ABC on jumia_egypt: 403 Client Error: Forbidden for url: https://www.jumia.com.eg/catalog/?q=ABC
2025-09-04 18:05:19,374 - INFO - Searching 'ABC' on google_shopping
2025-09-04 18:05:22,538 - INFO - Searching 'RELAXER' on jumia_ci
2025-09-04 18:05:25,727 - INFO - Searching 'RELAXER' on cdiscount_ci
2025-09-04 18:05:27,922 - INFO - Searching 'RELAXER' on jumia_ghana
2025-09-04 18:05:29,347 - WARNING - Request error for RELAXER on jumia_ghana: 403 Client Error: Forbidden for url: https://www.jumia.com.gh/catalog/?q=RELAXER
2025-09-04 18:05:29,848 - INFO - Searching 'RELAXER' on jumia_nigeria
2025-09-04 18:05:32,749 - INFO - Searching 'RELAXER' on jumia_kenya
2025-09-04 18:05:35,937 - INFO - Searching 'RELAXER' on jumia_egypt
2025-09-04 18:05:37,392 - WARNING - Request error for RELAXER on jumia_egypt: 403 Client Error: Forbidden for url: https://www.jumia.com.eg/catalog/?q=RELAXER
2025-09-04 18:05:37,894 - INFO - Searching 'RELAXER' on google_shopping
2025-09-04 18:05:41,033 - WARNING - No image found for product: DEFRISANT ABC RELAXER CREAM 150ML
2025-09-04 18:05:42,034 - INFO - Progress: 3/5
2025-09-04 18:05:42,035 - INFO - Processing product: DEFRISANT ABC RELAXER CREAM 250ML (ID: 3)
2025-09-04 18:05:42,035 - INFO - Searching 'DEFRISANT ABC RELAXER CREAM 250ML' on jumia_ci
2025-09-04 18:05:44,117 - INFO - Searching 'DEFRISANT ABC RELAXER CREAM 250ML' on cdiscount_ci
2025-09-04 18:05:45,925 - INFO - Searching 'DEFRISANT ABC RELAXER CREAM 250ML' on jumia_ghana
2025-09-04 18:05:47,347 - WARNING - Request error for DEFRISANT ABC RELAXER CREAM 250ML on jumia_ghana: 403 Client Error: Forbidden for url: https://www.jumia.com.gh/catalog/?q=DEFRISANT+ABC+RELAXER+CREAM+250ML
2025-09-04 18:05:47,851 - INFO - Searching 'DEFRISANT ABC RELAXER CREAM 250ML' on jumia_nigeria
2025-09-04 18:05:50,480 - INFO - Searching 'DEFRISANT ABC RELAXER CREAM 250ML' on jumia_kenya
2025-09-04 18:05:52,752 - INFO - Searching 'DEFRISANT ABC RELAXER CREAM 250ML' on jumia_egypt
2025-09-04 18:05:54,199 - WARNING - Request error for DEFRISANT ABC RELAXER CREAM 250ML on jumia_egypt: 403 Client Error: Forbidden for url: https://www.jumia.com.eg/catalog/?q=DEFRISANT+ABC+RELAXER+CREAM+250ML
2025-09-04 18:05:54,701 - INFO - Searching 'DEFRISANT ABC RELAXER CREAM 250ML' on google_shopping
2025-09-04 18:05:58,774 - INFO - Searching '6182000129159' on jumia_ci
2025-09-04 18:06:00,827 - INFO - Searching '6182000129159' on cdiscount_ci
2025-09-04 18:06:02,635 - INFO - Searching '6182000129159' on jumia_ghana
2025-09-04 18:06:04,148 - WARNING - Request error for 6182000129159 on jumia_ghana: 403 Client Error: Forbidden for url: https://www.jumia.com.gh/catalog/?q=6182000129159
2025-09-04 18:06:04,650 - INFO - Searching '6182000129159' on jumia_nigeria
2025-09-04 18:06:06,697 - INFO - Searching '6182000129159' on jumia_kenya
2025-09-04 18:06:08,907 - INFO - Searching '6182000129159' on jumia_egypt
2025-09-04 18:06:10,325 - WARNING - Request error for 6182000129159 on jumia_egypt: 403 Client Error: Forbidden for url: https://www.jumia.com.eg/catalog/?q=6182000129159
2025-09-04 18:06:10,827 - INFO - Searching '6182000129159' on google_shopping
2025-09-04 18:06:15,855 - INFO - Searching 'DEFRISANT ABC' on jumia_ci
2025-09-04 18:06:18,002 - INFO - Searching 'DEFRISANT ABC' on cdiscount_ci
2025-09-04 18:06:20,184 - INFO - Searching 'DEFRISANT ABC' on jumia_ghana
2025-09-04 18:06:21,683 - WARNING - Request error for DEFRISANT ABC on jumia_ghana: 403 Client Error: Forbidden for url: https://www.jumia.com.gh/catalog/?q=DEFRISANT+ABC
2025-09-04 18:06:22,187 - INFO - Searching 'DEFRISANT ABC' on jumia_nigeria
2025-09-04 18:06:24,314 - INFO - Searching 'DEFRISANT ABC' on jumia_kenya
2025-09-04 18:06:26,480 - INFO - Searching 'DEFRISANT ABC' on jumia_egypt
2025-09-04 18:06:27,866 - WARNING - Request error for DEFRISANT ABC on jumia_egypt: 403 Client Error: Forbidden for url: https://www.jumia.com.eg/catalog/?q=DEFRISANT+ABC
2025-09-04 18:06:28,370 - INFO - Searching 'DEFRISANT ABC' on google_shopping
2025-09-04 18:06:31,584 - INFO - Searching 'DEFRISANT' on jumia_ci
2025-09-04 18:06:33,918 - INFO - Searching 'DEFRISANT' on cdiscount_ci
2025-09-04 18:06:36,104 - INFO - Searching 'DEFRISANT' on jumia_ghana
2025-09-04 18:06:37,403 - WARNING - Request error for DEFRISANT on jumia_ghana: 403 Client Error: Forbidden for url: https://www.jumia.com.gh/catalog/?q=DEFRISANT
2025-09-04 18:06:37,905 - INFO - Searching 'DEFRISANT' on jumia_nigeria
2025-09-04 18:06:39,808 - INFO - Searching 'DEFRISANT' on jumia_kenya
2025-09-04 18:06:41,963 - INFO - Searching 'DEFRISANT' on jumia_egypt
2025-09-04 18:06:43,356 - WARNING - Request error for DEFRISANT on jumia_egypt: 403 Client Error: Forbidden for url: https://www.jumia.com.eg/catalog/?q=DEFRISANT
2025-09-04 18:06:43,858 - INFO - Searching 'DEFRISANT' on google_shopping
2025-09-04 18:06:47,043 - INFO - Searching 'ABC' on jumia_ci
2025-09-04 18:06:51,099 - INFO - Searching 'ABC' on cdiscount_ci
2025-09-04 18:06:52,899 - INFO - Searching 'ABC' on jumia_ghana
2025-09-04 18:06:54,935 - WARNING - Request error for ABC on jumia_ghana: 403 Client Error: Forbidden for url: https://www.jumia.com.gh/catalog/?q=ABC
2025-09-04 18:06:55,437 - INFO - Searching 'ABC' on jumia_nigeria
2025-09-04 18:06:58,160 - INFO - Searching 'ABC' on jumia_kenya
2025-09-04 18:07:01,023 - INFO - Searching 'ABC' on jumia_egypt
2025-09-04 18:07:02,491 - WARNING - Request error for ABC on jumia_egypt: 403 Client Error: Forbidden for url: https://www.jumia.com.eg/catalog/?q=ABC
2025-09-04 18:07:02,995 - INFO - Searching 'ABC' on google_shopping
2025-09-04 18:07:06,151 - INFO - Searching 'RELAXER' on jumia_ci
2025-09-04 18:07:09,278 - INFO - Searching 'RELAXER' on cdiscount_ci
2025-09-04 18:07:11,455 - INFO - Searching 'RELAXER' on jumia_ghana
2025-09-04 18:07:12,960 - WARNING - Request error for RELAXER on jumia_ghana: 403 Client Error: Forbidden for url: https://www.jumia.com.gh/catalog/?q=RELAXER
2025-09-04 18:07:13,464 - INFO - Searching 'RELAXER' on jumia_nigeria
2025-09-04 18:07:16,271 - INFO - Searching 'RELAXER' on jumia_kenya
2025-09-04 18:07:20,915 - INFO - Searching 'RELAXER' on jumia_egypt
2025-09-04 18:07:22,465 - WARNING - Request error for RELAXER on jumia_egypt: 403 Client Error: Forbidden for url: https://www.jumia.com.eg/catalog/?q=RELAXER
2025-09-04 18:07:22,969 - INFO - Searching 'RELAXER' on google_shopping
2025-09-04 18:07:26,120 - WARNING - No image found for product: DEFRISANT ABC RELAXER CREAM 250ML
2025-09-04 18:07:27,121 - INFO - Progress: 4/5
2025-09-04 18:07:27,121 - INFO - Processing product: DEFRISANT ABC RELAXER CREAM 300ML (ID: 4)
2025-09-04 18:07:27,121 - INFO - Searching 'DEFRISANT ABC RELAXER CREAM 300ML' on jumia_ci
2025-09-04 18:07:29,237 - INFO - Searching 'DEFRISANT ABC RELAXER CREAM 300ML' on cdiscount_ci
2025-09-04 18:07:31,330 - INFO - Searching 'DEFRISANT ABC RELAXER CREAM 300ML' on jumia_ghana
2025-09-04 18:07:32,606 - WARNING - Request error for DEFRISANT ABC RELAXER CREAM 300ML on jumia_ghana: 403 Client Error: Forbidden for url: https://www.jumia.com.gh/catalog/?q=DEFRISANT+ABC+RELAXER+CREAM+300ML
2025-09-04 18:07:33,110 - INFO - Searching 'DEFRISANT ABC RELAXER CREAM 300ML' on jumia_nigeria
2025-09-04 18:07:35,134 - INFO - Searching 'DEFRISANT ABC RELAXER CREAM 300ML' on jumia_kenya
2025-09-04 18:07:37,503 - INFO - Searching 'DEFRISANT ABC RELAXER CREAM 300ML' on jumia_egypt
2025-09-04 18:07:38,852 - WARNING - Request error for DEFRISANT ABC RELAXER CREAM 300ML on jumia_egypt: 403 Client Error: Forbidden for url: https://www.jumia.com.eg/catalog/?q=DEFRISANT+ABC+RELAXER+CREAM+300ML
2025-09-04 18:07:39,354 - INFO - Searching 'DEFRISANT ABC RELAXER CREAM 300ML' on google_shopping
2025-09-04 18:07:42,503 - INFO - Searching '6182000103227' on jumia_ci
2025-09-04 18:07:44,602 - INFO - Searching '6182000103227' on cdiscount_ci
2025-09-04 18:07:46,695 - INFO - Searching '6182000103227' on jumia_ghana
2025-09-04 18:07:48,076 - WARNING - Request error for 6182000103227 on jumia_ghana: 403 Client Error: Forbidden for url: https://www.jumia.com.gh/catalog/?q=6182000103227
2025-09-04 18:07:48,579 - INFO - Searching '6182000103227' on jumia_nigeria
2025-09-04 18:07:50,642 - INFO - Searching '6182000103227' on jumia_kenya
2025-09-04 18:07:53,357 - INFO - Searching '6182000103227' on jumia_egypt
2025-09-04 18:07:55,249 - WARNING - Request error for 6182000103227 on jumia_egypt: 403 Client Error: Forbidden for url: https://www.jumia.com.eg/catalog/?q=6182000103227
2025-09-04 18:07:55,750 - INFO - Searching '6182000103227' on google_shopping
2025-09-04 18:08:00,866 - INFO - Searching 'DEFRISANT ABC' on jumia_ci
2025-09-04 18:08:03,322 - INFO - Searching 'DEFRISANT ABC' on cdiscount_ci
2025-09-04 18:08:05,128 - INFO - Searching 'DEFRISANT ABC' on jumia_ghana
2025-09-04 18:08:06,745 - WARNING - Request error for DEFRISANT ABC on jumia_ghana: 403 Client Error: Forbidden for url: https://www.jumia.com.gh/catalog/?q=DEFRISANT+ABC
2025-09-04 18:08:07,249 - INFO - Searching 'DEFRISANT ABC' on jumia_nigeria
2025-09-04 18:08:09,395 - INFO - Searching 'DEFRISANT ABC' on jumia_kenya
2025-09-04 18:08:11,815 - INFO - Searching 'DEFRISANT ABC' on jumia_egypt
2025-09-04 18:08:13,429 - WARNING - Request error for DEFRISANT ABC on jumia_egypt: 403 Client Error: Forbidden for url: https://www.jumia.com.eg/catalog/?q=DEFRISANT+ABC
2025-09-04 18:08:13,932 - INFO - Searching 'DEFRISANT ABC' on google_shopping
2025-09-04 18:08:17,342 - INFO - Searching 'DEFRISANT' on jumia_ci
2025-09-04 18:08:20,517 - INFO - Searching 'DEFRISANT' on cdiscount_ci
2025-09-04 18:08:22,405 - INFO - Searching 'DEFRISANT' on jumia_ghana
2025-09-04 18:08:24,090 - WARNING - Request error for DEFRISANT on jumia_ghana: 403 Client Error: Forbidden for url: https://www.jumia.com.gh/catalog/?q=DEFRISANT
2025-09-04 18:08:24,592 - INFO - Searching 'DEFRISANT' on jumia_nigeria
2025-09-04 18:08:26,739 - INFO - Searching 'DEFRISANT' on jumia_kenya
2025-09-04 18:08:28,848 - INFO - Searching 'DEFRISANT' on jumia_egypt
2025-09-04 18:08:30,659 - WARNING - Request error for DEFRISANT on jumia_egypt: 403 Client Error: Forbidden for url: https://www.jumia.com.eg/catalog/?q=DEFRISANT
2025-09-04 18:08:31,161 - INFO - Searching 'DEFRISANT' on google_shopping
2025-09-04 18:08:34,296 - INFO - Searching 'ABC' on jumia_ci
2025-09-04 18:08:36,563 - INFO - Searching 'ABC' on cdiscount_ci
2025-09-04 18:08:38,357 - INFO - Searching 'ABC' on jumia_ghana
2025-09-04 18:08:39,666 - WARNING - Request error for ABC on jumia_ghana: 403 Client Error: Forbidden for url: https://www.jumia.com.gh/catalog/?q=ABC
2025-09-04 18:08:40,169 - INFO - Searching 'ABC' on jumia_nigeria
2025-09-04 18:08:42,381 - INFO - Searching 'ABC' on jumia_kenya
2025-09-04 18:08:47,613 - INFO - Searching 'ABC' on jumia_egypt
2025-09-04 18:08:48,949 - WARNING - Request error for ABC on jumia_egypt: 403 Client Error: Forbidden for url: https://www.jumia.com.eg/catalog/?q=ABC
2025-09-04 18:08:49,450 - INFO - Searching 'ABC' on google_shopping
2025-09-04 18:08:52,825 - INFO - Searching 'RELAXER' on jumia_ci
2025-09-04 18:08:55,001 - INFO - Searching 'RELAXER' on cdiscount_ci
2025-09-04 18:08:56,935 - INFO - Searching 'RELAXER' on jumia_ghana
2025-09-04 18:08:58,426 - WARNING - Request error for RELAXER on jumia_ghana: 403 Client Error: Forbidden for url: https://www.jumia.com.gh/catalog/?q=RELAXER
2025-09-04 18:08:58,930 - INFO - Searching 'RELAXER' on jumia_nigeria
2025-09-04 18:09:01,578 - INFO - Searching 'RELAXER' on jumia_kenya
2025-09-04 18:09:04,244 - INFO - Searching 'RELAXER' on jumia_egypt
2025-09-04 18:09:05,819 - WARNING - Request error for RELAXER on jumia_egypt: 403 Client Error: Forbidden for url: https://www.jumia.com.eg/catalog/?q=RELAXER
2025-09-04 18:09:06,320 - INFO - Searching 'RELAXER' on google_shopping
2025-09-04 18:09:10,543 - WARNING - No image found for product: DEFRISANT ABC RELAXER CREAM 300ML
2025-09-04 18:09:11,544 - INFO - Progress: 5/5
2025-09-04 18:09:11,545 - INFO - Processing product: SAVON LIQUIDE VIE ET FRAICHE CITRON THE VERT (ID: 6)
2025-09-04 18:09:11,545 - INFO - Searching 'SAVON LIQUIDE VIE ET FRAICHE CITRON THE VERT' on jumia_ci
2025-09-04 18:09:13,713 - INFO - Searching 'SAVON LIQUIDE VIE ET FRAICHE CITRON THE VERT' on cdiscount_ci
2025-09-04 18:09:15,478 - INFO - Searching 'SAVON LIQUIDE VIE ET FRAICHE CITRON THE VERT' on jumia_ghana
2025-09-04 18:09:18,198 - WARNING - Request error for SAVON LIQUIDE VIE ET FRAICHE CITRON THE VERT on jumia_ghana: 403 Client Error: Forbidden for url: https://www.jumia.com.gh/catalog/?q=SAVON+LIQUIDE+VIE+ET+FRAICHE+CITRON+THE+VERT
2025-09-04 18:09:18,702 - INFO - Searching 'SAVON LIQUIDE VIE ET FRAICHE CITRON THE VERT' on jumia_nigeria
2025-09-04 18:09:20,841 - INFO - Searching 'SAVON LIQUIDE VIE ET FRAICHE CITRON THE VERT' on jumia_kenya
2025-09-04 18:09:24,868 - INFO - Searching 'SAVON LIQUIDE VIE ET FRAICHE CITRON THE VERT' on jumia_egypt
2025-09-04 18:09:26,228 - WARNING - Request error for SAVON LIQUIDE VIE ET FRAICHE CITRON THE VERT on jumia_egypt: 403 Client Error: Forbidden for url: https://www.jumia.com.eg/catalog/?q=SAVON+LIQUIDE+VIE+ET+FRAICHE+CITRON+THE+VERT
2025-09-04 18:09:26,735 - INFO - Searching 'SAVON LIQUIDE VIE ET FRAICHE CITRON THE VERT' on google_shopping
2025-09-04 18:09:29,847 - INFO - Searching '6181100459135' on jumia_ci
2025-09-04 18:09:31,941 - INFO - Searching '6181100459135' on cdiscount_ci
2025-09-04 18:09:34,076 - INFO - Searching '6181100459135' on jumia_ghana
2025-09-04 18:09:35,472 - WARNING - Request error for 6181100459135 on jumia_ghana: 403 Client Error: Forbidden for url: https://www.jumia.com.gh/catalog/?q=6181100459135
2025-09-04 18:09:35,976 - INFO - Searching '6181100459135' on jumia_nigeria
2025-09-04 18:09:38,711 - INFO - Searching '6181100459135' on jumia_kenya
2025-09-04 18:09:41,020 - INFO - Searching '6181100459135' on jumia_egypt
2025-09-04 18:09:42,348 - WARNING - Request error for 6181100459135 on jumia_egypt: 403 Client Error: Forbidden for url: https://www.jumia.com.eg/catalog/?q=6181100459135
2025-09-04 18:09:42,852 - INFO - Searching '6181100459135' on google_shopping
2025-09-04 18:09:47,904 - INFO - Searching 'SAVON LIQUIDE' on jumia_ci
2025-09-04 18:09:51,136 - INFO - Searching 'SAVON LIQUIDE' on cdiscount_ci
2025-09-04 18:09:52,910 - INFO - Searching 'SAVON LIQUIDE' on jumia_ghana
2025-09-04 18:09:54,215 - WARNING - Request error for SAVON LIQUIDE on jumia_ghana: 403 Client Error: Forbidden for url: https://www.jumia.com.gh/catalog/?q=SAVON+LIQUIDE
2025-09-04 18:09:54,717 - INFO - Searching 'SAVON LIQUIDE' on jumia_nigeria
2025-09-04 18:09:56,883 - INFO - Searching 'SAVON LIQUIDE' on jumia_kenya
2025-09-04 18:09:58,972 - INFO - Searching 'SAVON LIQUIDE' on jumia_egypt
2025-09-04 18:10:00,371 - WARNING - Request error for SAVON LIQUIDE on jumia_egypt: 403 Client Error: Forbidden for url: https://www.jumia.com.eg/catalog/?q=SAVON+LIQUIDE
2025-09-04 18:10:00,873 - INFO - Searching 'SAVON LIQUIDE' on google_shopping
2025-09-04 18:10:04,092 - INFO - Searching 'SAVON' on jumia_ci
2025-09-04 18:10:06,905 - INFO - Searching 'SAVON' on cdiscount_ci
2025-09-04 18:10:08,858 - INFO - Searching 'SAVON' on jumia_ghana
2025-09-04 18:10:10,230 - WARNING - Request error for SAVON on jumia_ghana: 403 Client Error: Forbidden for url: https://www.jumia.com.gh/catalog/?q=SAVON
2025-09-04 18:10:10,732 - INFO - Searching 'SAVON' on jumia_nigeria
2025-09-04 18:10:13,893 - INFO - Searching 'SAVON' on jumia_kenya
2025-09-04 18:10:18,049 - INFO - Searching 'SAVON' on jumia_egypt
2025-09-04 18:10:19,664 - WARNING - Request error for SAVON on jumia_egypt: 403 Client Error: Forbidden for url: https://www.jumia.com.eg/catalog/?q=SAVON
2025-09-04 18:10:20,165 - INFO - Searching 'SAVON' on google_shopping
2025-09-04 18:10:22,578 - INFO - Searching 'LIQUIDE' on jumia_ci
2025-09-04 18:10:25,470 - INFO - Searching 'LIQUIDE' on cdiscount_ci
2025-09-04 18:10:27,299 - INFO - Searching 'LIQUIDE' on jumia_ghana
2025-09-04 18:10:28,793 - WARNING - Request error for LIQUIDE on jumia_ghana: 403 Client Error: Forbidden for url: https://www.jumia.com.gh/catalog/?q=LIQUIDE
2025-09-04 18:10:29,297 - INFO - Searching 'LIQUIDE' on jumia_nigeria
2025-09-04 18:10:33,017 - INFO - Searching 'LIQUIDE' on jumia_kenya
2025-09-04 18:10:35,571 - INFO - Searching 'LIQUIDE' on jumia_egypt
2025-09-04 18:10:36,955 - WARNING - Request error for LIQUIDE on jumia_egypt: 403 Client Error: Forbidden for url: https://www.jumia.com.eg/catalog/?q=LIQUIDE
2025-09-04 18:10:37,461 - INFO - Searching 'LIQUIDE' on google_shopping
2025-09-04 18:10:40,607 - INFO - Searching 'VIE' on jumia_ci
2025-09-04 18:10:43,779 - INFO - Searching 'VIE' on cdiscount_ci
2025-09-04 18:10:45,896 - INFO - Searching 'VIE' on jumia_ghana
2025-09-04 18:10:47,503 - WARNING - Request error for VIE on jumia_ghana: 403 Client Error: Forbidden for url: https://www.jumia.com.gh/catalog/?q=VIE
2025-09-04 18:10:48,007 - INFO - Searching 'VIE' on jumia_nigeria
2025-09-04 18:10:50,669 - INFO - Searching 'VIE' on jumia_kenya
2025-09-04 18:10:53,803 - INFO - Searching 'VIE' on jumia_egypt
2025-09-04 18:10:55,311 - WARNING - Request error for VIE on jumia_egypt: 403 Client Error: Forbidden for url: https://www.jumia.com.eg/catalog/?q=VIE
2025-09-04 18:10:55,813 - INFO - Searching 'VIE' on google_shopping
2025-09-04 18:10:58,954 - WARNING - No image found for product: SAVON LIQUIDE VIE ET FRAICHE CITRON THE VERT
2025-09-04 18:10:58,955 - INFO - Results saved to image_download_results.json
2025-09-04 18:10:59,958 - INFO - Results saved to image_download_results.json
2025-09-04 18:10:59,961 - INFO - Summary: 0/5 images downloaded (0.0%)
2025-09-04 18:10:59,962 - INFO - Database updated: 0 products
2025-09-04 18:10:59,962 - INFO - Sites used: {}
2025-09-04 18:10:59,963 - INFO - CSV mapping saved to db_product_images_mapping.csv
