2025-09-04 23:24:52,551 - INFO - Created directories under: real_db_product_images
2025-09-04 23:24:52,551 - INFO - Attempting connection to local database...
2025-09-04 23:24:52,605 - INFO - Fetched 665 valid in-stock products from database
2025-09-04 23:26:19,226 - INFO - Starting image download for 665 products...
2025-09-04 23:26:19,226 - INFO - Progress: 1/665 - CHEWING GUM HOLLYWOOD
2025-09-04 23:26:19,227 - INFO - Searching images for: CHEWING GUM HOLLYWOOD (Stock: 328.0)
2025-09-04 23:26:53,167 - INFO - Found 0 total image URLs for CHEWING GUM HOLLYWOOD
2025-09-04 23:26:53,167 - INFO - Successfully downloaded 0 images for CHEWING GUM HOLLYWOOD
2025-09-04 23:26:55,168 - INFO - Progress: 2/665 - OEUF
2025-09-04 23:26:55,170 - INFO - Searching images for: OEUF (Stock: 308.0)
2025-09-04 23:27:30,282 - INFO - Found 0 total image URLs for OEUF
2025-09-04 23:27:30,283 - INFO - Successfully downloaded 0 images for OEUF
2025-09-04 23:27:32,283 - INFO - Progress: 3/665 - CRAIE
2025-09-04 23:27:32,286 - INFO - Searching images for: CRAIE (Stock: 290.0)
2025-09-04 23:28:07,197 - INFO - Found 0 total image URLs for CRAIE
2025-09-04 23:28:07,197 - INFO - Successfully downloaded 0 images for CRAIE
2025-09-04 23:28:07,198 - INFO - Results saved to real_db_download_results.json
2025-09-04 23:28:09,199 - INFO - Progress: 4/665 - RIZ MAMAN 900G PROMO
2025-09-04 23:28:09,199 - INFO - Searching images for: RIZ MAMAN 900G PROMO (Stock: 286.0)
2025-09-04 23:28:56,237 - INFO - Process interrupted by user
2025-09-04 23:28:56,238 - INFO - Database connection closed
2025-09-04 23:32:02,879 - INFO - Created directories under: real_db_product_images
2025-09-04 23:32:02,881 - INFO - Attempting connection to local database...
2025-09-04 23:32:02,907 - INFO - Connected to local PostgreSQL database
2025-09-04 23:32:02,910 - INFO - Fetched 25 valid in-stock products from database
2025-09-04 23:32:02,912 - INFO - Starting image download for 25 products...
2025-09-04 23:32:02,912 - INFO - Progress: 1/25 - CHEWING GUM HOLLYWOOD
2025-09-04 23:32:02,912 - INFO - Searching images for: CHEWING GUM HOLLYWOOD (Stock: 328.0)
2025-09-04 23:32:55,751 - INFO - Found 0 total image URLs for CHEWING GUM HOLLYWOOD
2025-09-04 23:32:55,751 - INFO - Successfully downloaded 0 images for CHEWING GUM HOLLYWOOD
2025-09-04 23:32:57,752 - INFO - Progress: 2/25 - OEUF
2025-09-04 23:32:57,754 - INFO - Searching images for: OEUF (Stock: 308.0)
2025-09-04 23:33:42,529 - INFO - Found 0 total image URLs for OEUF
2025-09-04 23:33:42,529 - INFO - Successfully downloaded 0 images for OEUF
2025-09-04 23:33:44,530 - INFO - Progress: 3/25 - CRAIE
2025-09-04 23:33:44,531 - INFO - Searching images for: CRAIE (Stock: 290.0)
2025-09-04 23:34:11,745 - INFO - Found 10 total image URLs for CRAIE
2025-09-04 23:34:12,648 - INFO - Downloaded: product_702_2cbfdd15.jpg (Quality: 0.91, White BG: False)
2025-09-04 23:34:14,100 - INFO - Downloaded: product_702_78322362.jpg (Quality: 1.00, White BG: True)
2025-09-04 23:34:15,613 - INFO - Downloaded: product_702_fe9d42ab.jpg (Quality: 1.00, White BG: True)
2025-09-04 23:34:17,176 - INFO - Downloaded: product_702_35255328.jpg (Quality: 0.91, White BG: False)
2025-09-04 23:34:18,858 - INFO - Downloaded: product_702_24776e54.jpg (Quality: 1.00, White BG: True)
2025-09-04 23:34:20,344 - INFO - Downloaded: product_702_99c1397d.jpg (Quality: 1.00, White BG: True)
2025-09-04 23:34:21,831 - INFO - Downloaded: product_702_905eb3e7.jpg (Quality: 1.00, White BG: True)
2025-09-04 23:34:25,135 - INFO - Downloaded: product_702_36986616.jpg (Quality: 1.00, White BG: True)
2025-09-04 23:34:26,582 - INFO - Downloaded: product_702_21a3bb87.jpg (Quality: 0.91, White BG: False)
2025-09-04 23:34:31,071 - INFO - Downloaded: product_702_e21947e9.jpg (Quality: 1.00, White BG: True)
2025-09-04 23:34:32,072 - INFO - Successfully downloaded 10 images for CRAIE
2025-09-04 23:34:32,073 - INFO - Results saved to real_db_download_results.json
2025-09-04 23:34:34,074 - INFO - Progress: 4/25 - RIZ MAMAN 900G PROMO
2025-09-04 23:34:34,074 - INFO - Searching images for: RIZ MAMAN 900G PROMO (Stock: 286.0)
2025-09-04 23:35:02,914 - INFO - Found 11 total image URLs for RIZ MAMAN 900G PROMO
2025-09-04 23:35:03,739 - INFO - Downloaded: product_3000_04f5f02d.jpg (Quality: 0.91, White BG: False)
2025-09-04 23:35:05,692 - INFO - Downloaded: product_3000_9ee85666.jpg (Quality: 0.91, White BG: False)
2025-09-04 23:35:07,157 - INFO - Downloaded: product_3000_715d783d.jpg (Quality: 0.91, White BG: False)
2025-09-04 23:35:08,662 - INFO - Downloaded: product_3000_9a84bdc3.jpg (Quality: 0.91, White BG: False)
2025-09-04 23:35:10,146 - INFO - Downloaded: product_3000_49c3d20b.jpg (Quality: 0.91, White BG: False)
2025-09-04 23:35:11,605 - INFO - Downloaded: product_3000_3aa8c8a0.jpg (Quality: 1.00, White BG: True)
2025-09-04 23:35:13,141 - INFO - Downloaded: product_3000_fa7f4389.jpg (Quality: 0.91, White BG: False)
2025-09-04 23:35:14,651 - INFO - Downloaded: product_3000_a6378489.jpg (Quality: 1.00, White BG: True)
2025-09-04 23:35:16,158 - INFO - Downloaded: product_3000_a32cbbc2.jpg (Quality: 0.91, White BG: False)
2025-09-04 23:35:18,041 - INFO - Downloaded: product_3000_6e8f713e.jpg (Quality: 1.00, White BG: True)
2025-09-04 23:35:19,042 - INFO - Successfully downloaded 10 images for RIZ MAMAN 900G PROMO
2025-09-04 23:35:21,043 - INFO - Progress: 5/25 - RIZ MAMAN 900G
2025-09-04 23:35:21,043 - INFO - Searching images for: RIZ MAMAN 900G (Stock: 286.0)
2025-09-04 23:35:47,161 - INFO - Found 11 total image URLs for RIZ MAMAN 900G
2025-09-04 23:35:57,165 - INFO - Successfully downloaded 0 images for RIZ MAMAN 900G
2025-09-04 23:35:59,165 - INFO - Progress: 6/25 - JAVEL GRAIN
2025-09-04 23:35:59,165 - INFO - Searching images for: JAVEL GRAIN (Stock: 259.0)
2025-09-04 23:36:42,308 - INFO - Found 0 total image URLs for JAVEL GRAIN
2025-09-04 23:36:42,308 - INFO - Successfully downloaded 0 images for JAVEL GRAIN
2025-09-04 23:36:42,309 - INFO - Results saved to real_db_download_results.json
2025-09-04 23:36:44,309 - INFO - Progress: 7/25 - BONNET ROUGE SACHET 16G NVO
2025-09-04 23:36:44,310 - INFO - Searching images for: BONNET ROUGE SACHET 16G NVO (Stock: 206.0)
2025-09-04 23:37:13,800 - INFO - Found 7 total image URLs for BONNET ROUGE SACHET 16G NVO
2025-09-04 23:37:15,906 - INFO - Downloaded: product_3917_90ba1aad.jpg (Quality: 1.00, White BG: True)
2025-09-04 23:37:17,510 - INFO - Downloaded: product_3917_70a0414f.jpg (Quality: 0.91, White BG: False)
2025-09-04 23:37:18,863 - INFO - Downloaded: product_3917_862264ff.jpg (Quality: 0.91, White BG: False)
2025-09-04 23:37:20,414 - INFO - Downloaded: product_3917_1c29094c.jpg (Quality: 0.91, White BG: False)
2025-09-04 23:37:23,826 - INFO - Downloaded: product_3917_d6589b33.jpg (Quality: 1.00, White BG: True)
2025-09-04 23:37:25,310 - INFO - Downloaded: product_3917_6e85d58f.jpg (Quality: 1.00, White BG: True)
2025-09-04 23:37:26,312 - INFO - Successfully downloaded 6 images for BONNET ROUGE SACHET 16G NVO
2025-09-04 23:37:28,312 - INFO - Progress: 8/25 - BONNET ROUGE SACHET 16G
2025-09-04 23:37:28,313 - INFO - Searching images for: BONNET ROUGE SACHET 16G (Stock: 206.0)
2025-09-04 23:37:52,218 - INFO - Found 7 total image URLs for BONNET ROUGE SACHET 16G
2025-09-04 23:37:59,225 - INFO - Successfully downloaded 0 images for BONNET ROUGE SACHET 16G
2025-09-04 23:38:01,226 - INFO - Progress: 9/25 - RIZ RIZIERE 900G
2025-09-04 23:38:01,226 - INFO - Searching images for: RIZ RIZIERE 900G (Stock: 195.0)
2025-09-04 23:38:24,524 - INFO - Found 11 total image URLs for RIZ RIZIERE 900G
2025-09-04 23:38:34,531 - INFO - Successfully downloaded 0 images for RIZ RIZIERE 900G
2025-09-04 23:38:34,532 - INFO - Results saved to real_db_download_results.json
2025-09-04 23:38:36,534 - INFO - Progress: 10/25 - CHEWING GUM NICE FRESH VERT
2025-09-04 23:38:36,534 - INFO - Searching images for: CHEWING GUM NICE FRESH VERT (Stock: 185.0)
2025-09-04 23:39:18,090 - INFO - Found 0 total image URLs for CHEWING GUM NICE FRESH VERT
2025-09-04 23:39:18,090 - INFO - Successfully downloaded 0 images for CHEWING GUM NICE FRESH VERT
2025-09-04 23:39:20,091 - INFO - Progress: 11/25 - THE LIPTON YELLOW LABEL
2025-09-04 23:39:20,091 - INFO - Searching images for: THE LIPTON YELLOW LABEL (Stock: 156.0)
2025-09-04 23:39:26,428 - INFO - Process interrupted by user
2025-09-04 23:39:26,429 - INFO - Database connection closed
2025-09-04 23:39:54,715 - INFO - Created directories under: real_db_product_images
2025-09-04 23:39:54,715 - INFO - Attempting connection to local database...
2025-09-04 23:39:54,742 - INFO - Connected to local PostgreSQL database
2025-09-04 23:39:54,745 - INFO - Fetched 5 valid in-stock products from database
2025-09-04 23:39:54,745 - INFO - Starting image download for 5 products...
2025-09-04 23:39:54,745 - INFO - Progress: 1/5 - CHEWING GUM HOLLYWOOD
2025-09-04 23:39:54,745 - INFO - Searching images for: CHEWING GUM HOLLYWOOD (Stock: 328.0)
2025-09-04 23:40:13,639 - INFO - Process interrupted by user
2025-09-04 23:40:13,642 - INFO - Database connection closed
2025-09-04 23:42:04,556 - INFO - Created directories under: real_db_product_images
2025-09-04 23:42:04,557 - INFO - Attempting connection to local database...
2025-09-04 23:42:04,586 - INFO - Connected to local PostgreSQL database
2025-09-04 23:42:04,590 - INFO - Fetched 20 valid in-stock products from database
2025-09-04 23:42:04,591 - INFO - Starting image download for 16 article groups...
2025-09-04 23:42:04,592 - INFO - Progress: 1/16 - Article 635 - CHEWING GUM HOLLYWOOD
2025-09-04 23:42:04,592 - INFO - Searching images for: CHEWING GUM HOLLYWOOD (Stock: 328.0)
2025-09-04 23:43:00,706 - INFO - Found 16 total image URLs for CHEWING GUM HOLLYWOOD
2025-09-04 23:43:04,876 - INFO - Downloaded: product_635_76601085.webp (Quality: 0.75, White BG: False)
2025-09-04 23:43:12,447 - INFO - Downloaded: product_635_4e3eff57.webp (Quality: 0.70, White BG: False)
2025-09-04 23:43:18,549 - INFO - Successfully downloaded 2 images for CHEWING GUM HOLLYWOOD
2025-09-04 23:43:20,552 - INFO - Progress: 2/16 - Article 732 - OEUF
2025-09-04 23:43:20,554 - INFO - Searching images for: OEUF (Stock: 308.0)
2025-09-04 23:44:23,536 - INFO - Found 16 total image URLs for OEUF
2025-09-04 23:44:24,191 - INFO - Downloaded: product_2909_aa2b914d.webp (Quality: 0.96, White BG: True)
2025-09-04 23:44:28,512 - INFO - Downloaded: product_2909_588572e7.webp (Quality: 0.75, White BG: False)
2025-09-04 23:44:31,185 - INFO - Downloaded: product_2909_6fcb7876.webp (Quality: 0.53, White BG: False)
2025-09-04 23:44:37,314 - INFO - Downloaded: product_2909_85252b0d.webp (Quality: 0.66, White BG: False)
2025-09-04 23:44:38,317 - INFO - Successfully downloaded 4 images for OEUF
2025-09-04 23:44:40,321 - INFO - Progress: 3/16 - Article 702 - CRAIE
2025-09-04 23:44:40,324 - INFO - Searching images for: CRAIE (Stock: 290.0)
2025-09-04 23:45:05,417 - INFO - Found 10 total image URLs for CRAIE
2025-09-04 23:45:18,544 - INFO - Successfully downloaded 0 images for CRAIE
2025-09-04 23:45:18,545 - INFO - Results saved to real_db_download_results.json
2025-09-04 23:45:20,547 - INFO - Progress: 4/16 - Article 1505 - RIZ MAMAN 900G PROMO
2025-09-04 23:45:20,549 - INFO - Searching images for: RIZ MAMAN 900G PROMO (Stock: 286.0)
2025-09-04 23:45:44,173 - INFO - Found 11 total image URLs for RIZ MAMAN 900G PROMO
2025-09-04 23:45:50,892 - INFO - Downloaded: product_3000_f1ff7107.jpg (Quality: 0.91, White BG: False)
2025-09-04 23:45:58,568 - INFO - Successfully downloaded 1 images for RIZ MAMAN 900G PROMO
2025-09-04 23:46:00,572 - INFO - Progress: 5/16 - Article 620 - JAVEL GRAIN
2025-09-04 23:46:00,572 - INFO - Searching images for: JAVEL GRAIN (Stock: 259.0)
2025-09-04 23:46:40,282 - INFO - Found 16 total image URLs for JAVEL GRAIN
2025-09-04 23:46:42,709 - INFO - Downloaded: product_620_bd91d343.webp (Quality: 0.63, White BG: False)
2025-09-04 23:46:44,458 - INFO - Downloaded: product_620_a1c4734d.webp (Quality: 0.98, White BG: True)
2025-09-04 23:46:46,065 - INFO - Downloaded: product_620_8537ab2f.webp (Quality: 0.75, White BG: False)
2025-09-04 23:46:47,825 - INFO - Downloaded: product_620_298cf328.webp (Quality: 0.87, White BG: False)
2025-09-04 23:46:52,926 - INFO - Downloaded: product_620_6469d77d.webp (Quality: 0.78, White BG: False)
2025-09-04 23:46:54,579 - INFO - Downloaded: product_620_0af77348.webp (Quality: 0.66, White BG: False)
2025-09-04 23:46:57,287 - INFO - Successfully downloaded 6 images for JAVEL GRAIN
2025-09-04 23:46:59,290 - INFO - Progress: 6/16 - Article 160 - BONNET ROUGE SACHET 16G NVO
2025-09-04 23:46:59,291 - INFO - Searching images for: BONNET ROUGE SACHET 16G NVO (Stock: 206.0)
2025-09-04 23:47:22,646 - INFO - Found 7 total image URLs for BONNET ROUGE SACHET 16G NVO
2025-09-04 23:47:31,931 - INFO - Successfully downloaded 0 images for BONNET ROUGE SACHET 16G NVO
2025-09-04 23:47:31,934 - INFO - Results saved to real_db_download_results.json
2025-09-04 23:47:33,935 - INFO - Progress: 7/16 - Article 2047 - RIZ RIZIERE 900G
2025-09-04 23:47:33,935 - INFO - Searching images for: RIZ RIZIERE 900G (Stock: 195.0)
2025-09-04 23:47:57,597 - INFO - Found 11 total image URLs for RIZ RIZIERE 900G
2025-09-04 23:48:07,603 - INFO - Successfully downloaded 0 images for RIZ RIZIERE 900G
2025-09-04 23:48:09,604 - INFO - Progress: 8/16 - Article 3426 - CHEWING GUM NICE FRESH VERT
2025-09-04 23:48:09,607 - INFO - Searching images for: CHEWING GUM NICE FRESH VERT (Stock: 185.0)
2025-09-04 23:48:45,846 - INFO - Found 16 total image URLs for CHEWING GUM NICE FRESH VERT
2025-09-04 23:48:46,603 - INFO - Downloaded: product_3426_f55f8389.webp (Quality: 1.00, White BG: True)
2025-09-04 23:48:48,259 - INFO - Downloaded: product_3426_a232d5b1.webp (Quality: 1.00, White BG: True)
2025-09-04 23:48:53,448 - INFO - Downloaded: product_3426_bdab763f.webp (Quality: 1.00, White BG: True)
2025-09-04 23:48:55,091 - INFO - Downloaded: product_3426_07dbb8e9.webp (Quality: 1.00, White BG: True)
2025-09-04 23:48:56,690 - INFO - Downloaded: product_3426_d2a250c6.webp (Quality: 1.00, White BG: True)
2025-09-04 23:48:59,952 - INFO - Downloaded: product_3426_008904d4.webp (Quality: 0.91, White BG: False)
2025-09-04 23:49:01,635 - INFO - Downloaded: product_3426_c909270a.webp (Quality: 1.00, White BG: True)
2025-09-04 23:49:04,872 - INFO - Downloaded: product_3426_0a3326bb.webp (Quality: 1.00, White BG: True)
2025-09-04 23:49:05,876 - INFO - Successfully downloaded 8 images for CHEWING GUM NICE FRESH VERT
2025-09-04 23:49:07,881 - INFO - Progress: 9/16 - Article 717 - THE LIPTON YELLOW LABEL
2025-09-04 23:49:07,882 - INFO - Searching images for: THE LIPTON YELLOW LABEL (Stock: 156.0)
2025-09-04 23:49:44,220 - INFO - Found 16 total image URLs for THE LIPTON YELLOW LABEL
2025-09-04 23:49:59,634 - INFO - Downloaded: product_3801_e4cfc9eb.webp (Quality: 1.00, White BG: True)
2025-09-04 23:50:02,272 - INFO - Successfully downloaded 1 images for THE LIPTON YELLOW LABEL
2025-09-04 23:50:02,277 - INFO - Results saved to real_db_download_results.json
2025-09-04 23:50:04,277 - INFO - Progress: 10/16 - Article 587 - MAGGI TABLETTE LOT DE 3
2025-09-04 23:50:04,277 - INFO - Searching images for: MAGGI TABLETTE LOT DE 3 (Stock: 155.0)
2025-09-04 23:50:44,091 - INFO - Found 16 total image URLs for MAGGI TABLETTE LOT DE 3
2025-09-04 23:50:45,035 - INFO - Downloaded: product_3026_88a5437f.webp (Quality: 0.79, White BG: False)
2025-09-04 23:50:48,524 - INFO - Downloaded: product_3026_8733e2ab.webp (Quality: 0.63, White BG: False)
2025-09-04 23:50:50,205 - INFO - Downloaded: product_3026_c0b59577.webp (Quality: 0.93, White BG: True)
2025-09-04 23:50:51,760 - INFO - Downloaded: product_3026_8046360b.webp (Quality: 1.00, White BG: True)
2025-09-04 23:50:54,782 - INFO - Downloaded: product_3026_b25b512d.webp (Quality: 0.98, White BG: True)
2025-09-04 23:51:02,321 - INFO - Successfully downloaded 5 images for MAGGI TABLETTE LOT DE 3
2025-09-04 23:51:04,328 - INFO - Progress: 11/16 - Article 862 - OMO ARC 80G
2025-09-04 23:51:04,328 - INFO - Searching images for: OMO ARC 80G (Stock: 153.0)
2025-09-04 23:51:40,446 - INFO - Found 16 total image URLs for OMO ARC 80G
2025-09-04 23:51:41,212 - INFO - Downloaded: product_862_d12b79ce.webp (Quality: 0.75, White BG: False)
2025-09-04 23:51:45,498 - INFO - Downloaded: product_862_4c9b5862.webp (Quality: 0.89, White BG: True)
2025-09-04 23:51:50,459 - INFO - Downloaded: product_862_ffbfd2b5.webp (Quality: 0.94, White BG: True)
2025-09-04 23:51:55,791 - INFO - Successfully downloaded 3 images for OMO ARC 80G
2025-09-04 23:51:57,793 - INFO - Progress: 12/16 - Article 719 - VODY 250ML
2025-09-04 23:51:57,794 - INFO - Searching images for: VODY 250ML (Stock: 151.0)
2025-09-04 23:52:34,648 - INFO - Found 16 total image URLs for VODY 250ML
2025-09-04 23:52:38,996 - INFO - Downloaded: product_3736_06a6c1de.webp (Quality: 0.69, White BG: True)
2025-09-04 23:52:42,181 - INFO - Downloaded: product_3736_7f52087f.webp (Quality: 1.00, White BG: True)
2025-09-04 23:52:51,068 - INFO - Successfully downloaded 2 images for VODY 250ML
2025-09-04 23:52:51,074 - INFO - Results saved to real_db_download_results.json
2025-09-04 23:52:53,075 - INFO - Progress: 13/16 - Article 3470 - CHEWING GUM NICE FRESH FRAISE
2025-09-04 23:52:53,076 - INFO - Searching images for: CHEWING GUM NICE FRESH FRAISE (Stock: 138.0)
2025-09-04 23:55:25,597 - INFO - Found 16 total image URLs for CHEWING GUM NICE FRESH FRAISE
2025-09-04 23:55:28,339 - INFO - Downloaded: product_3470_76483c28.webp (Quality: 0.66, White BG: False)
2025-09-04 23:55:46,549 - INFO - Successfully downloaded 1 images for CHEWING GUM NICE FRESH FRAISE
2025-09-04 23:55:48,552 - INFO - Progress: 14/16 - Article 812 - TOP JAVEL LIQUIDE 75ML
2025-09-04 23:55:48,555 - INFO - Searching images for: TOP JAVEL LIQUIDE 75ML (Stock: 135.0)
2025-09-04 23:58:52,443 - INFO - Found 18 total image URLs for TOP JAVEL LIQUIDE 75ML
2025-09-04 23:59:09,213 - INFO - Downloaded: product_812_5cc48042.jpg (Quality: 0.91, White BG: False)
2025-09-04 23:59:10,727 - INFO - Downloaded: product_812_47e63240.jpg (Quality: 1.00, White BG: True)
2025-09-04 23:59:11,728 - INFO - Successfully downloaded 2 images for TOP JAVEL LIQUIDE 75ML
2025-09-04 23:59:13,730 - INFO - Progress: 15/16 - Article 294 - CELESTE 33CL
2025-09-04 23:59:13,734 - INFO - Searching images for: CELESTE 33CL (Stock: 134.0)
2025-09-05 00:01:00,703 - INFO - Found 16 total image URLs for CELESTE 33CL
2025-09-05 00:01:04,799 - INFO - Downloaded: product_294_6cce8d54.webp (Quality: 0.79, White BG: False)
2025-09-05 00:01:06,352 - INFO - Downloaded: product_294_5429c9c7.webp (Quality: 0.77, White BG: False)
2025-09-05 00:01:07,953 - INFO - Downloaded: product_294_2f739c95.webp (Quality: 0.79, White BG: False)
2025-09-05 00:01:11,065 - INFO - Downloaded: product_294_2657ebe5.webp (Quality: 1.00, White BG: True)
2025-09-05 00:01:17,251 - INFO - Successfully downloaded 4 images for CELESTE 33CL
2025-09-05 00:01:17,259 - INFO - Results saved to real_db_download_results.json
2025-09-05 00:01:19,260 - INFO - Progress: 16/16 - Article 3518 - VINAIGRE ROUGE 6 DEG 25ML
2025-09-05 00:01:19,263 - INFO - Searching images for: VINAIGRE ROUGE 6 DEG 25ML (Stock: 131.0)
2025-09-05 00:03:18,521 - INFO - Found 16 total image URLs for VINAIGRE ROUGE 6 DEG 25ML
2025-09-05 00:03:21,478 - INFO - Downloaded: product_3518_ae0a71d0.webp (Quality: 0.65, White BG: False)
2025-09-05 00:03:23,716 - INFO - Downloaded: product_3518_a0feb79d.webp (Quality: 0.95, White BG: True)
2025-09-05 00:03:34,035 - INFO - Downloaded: product_3518_608692bc.webp (Quality: 1.00, White BG: True)
2025-09-05 00:03:39,283 - INFO - Downloaded: product_3518_5ceb5ce2.webp (Quality: 1.00, White BG: True)
2025-09-05 00:03:42,258 - INFO - Downloaded: product_3518_0e71ff67.webp (Quality: 1.00, White BG: True)
2025-09-05 00:03:44,610 - INFO - Downloaded: product_3518_18c654c7.webp (Quality: 0.53, White BG: False)
2025-09-05 00:03:45,611 - INFO - Successfully downloaded 6 images for VINAIGRE ROUGE 6 DEG 25ML
2025-09-05 00:03:47,615 - INFO - Results saved to real_db_download_results.json
2025-09-05 00:03:47,616 - INFO - Summary: 13/16 products processed successfully
2025-09-05 00:03:47,617 - INFO - Database connection closed
